{
  "stats": {
    "suites": 1,
    "tests": 1,
    "passes": 0,
    "pending": 0,
    "failures": 1,
    "start": "2025-06-27T11:52:49.811Z",
    "end": "2025-06-27T11:53:36.562Z",
    "duration": 46751,
    "testsRegistered": 1,
    "passPercent": 0,
    "pendingPercent": 0,
    "other": 0,
    "hasOther": false,
    "skipped": 0,
    "hasSkipped": false
  },
  "results": [
    {
      "uuid": "543e6635-69c0-4016-8dc9-96707edacab2",
      "title": "",
      "fullFile": "cypress\\e2e\\favorikontrol.cy.js",
      "file": "cypress\\e2e\\favorikontrol.cy.js",
      "beforeHooks": [],
      "afterHooks": [],
      "tests": [],
      "suites": [
        {
          "uuid": "9b0e3f61-adbb-4115-a7f9-c22dd79a7b7a",
          "title": "PTT Urun Favori Kontrol",
          "fullFile": "",
          "file": "",
          "beforeHooks": [],
          "afterHooks": [],
          "tests": [
            {
              "title": "Favori Ekleme ve Silme",
              "fullTitle": "PTT Urun Favori Kontrol Favori Ekleme ve Silme",
              "timedOut": null,
              "duration": 45021,
              "state": "failed",
              "speed": null,
              "pass": false,
              "fail": true,
              "pending": false,
              "context": null,
              "code": "cy.visit('https://www.pttavm.com/');\nhomePage.login('salih.demirbas.test@outlook.com', 'Salih.test123');\nhomePage.searchProduct('telefon');\nlistPage.checkSearchUrl();\nlistPage.selectFourthProduct();\nproductDetailPage.saveFavoriteProductName();\nproductDetailPage.checkFavoriteButtonVisible();\nproductDetailPage.clickFavoriteButton();\nproductDetailPage.checkFavoriteAdded();\ncy.visit('https://www.pttavm.com/my/listelerim');\nfavoritePage.checkFavoriteInListPage();\nfavoritePage.removeFavoriteProduct();\nfavoritePage.checkFavoriteListEmpty();",
              "err": {
                "message": "AssertionError: Timed out retrying after 30000ms: Expected to find element: `.evoicon-fav-full`, but never found it.",
                "estack": "AssertionError: Timed out retrying after 30000ms: Expected to find element: `.evoicon-fav-full`, but never found it.\n    at ProductDetailPage.checkFavoriteAdded (webpack://ptt_test/./cypress/support/pageObjects/ProductDetailPage.js:54:52)\n    at Context.eval (webpack://ptt_test/./cypress/e2e/favorikontrol.cy.js:23:22)",
                "diff": null
              },
              "uuid": "617f7140-d4aa-4e35-951f-5b59291173c2",
              "parentUUID": "9b0e3f61-adbb-4115-a7f9-c22dd79a7b7a",
              "isHook": false,
              "skipped": false
            }
          ],
          "suites": [],
          "passes": [],
          "failures": [
            "617f7140-d4aa-4e35-951f-5b59291173c2"
          ],
          "pending": [],
          "skipped": [],
          "duration": 45021,
          "root": false,
          "rootEmpty": false,
          "_timeout": 2000
        }
      ],
      "passes": [],
      "failures": [],
      "pending": [],
      "skipped": [],
      "duration": 0,
      "root": true,
      "rootEmpty": true,
      "_timeout": 2000
    }
  ],
  "meta": {
    "mocha": {
      "version": "7.2.0"
    },
    "mochawesome": {
      "options": {
        "quiet": false,
        "reportFilename": "mochawesome",
        "saveHtml": false,
        "saveJson": true,
        "consoleReporter": "spec",
        "useInlineDiffs": false,
        "code": true
      },
      "version": "7.1.3"
    },
    "marge": {
      "options": {
        "reportDir": "cypress/reports/mochawesome",
        "overwrite": false,
        "html": false,
        "json": true
      },
      "version": "6.2.0"
    }
  }
}