{
  "stats": {
    "suites": 1,
    "tests": 1,
    "passes": 1,
    "pending": 0,
    "failures": 0,
    "start": "2025-06-27T11:57:24.137Z",
    "end": "2025-06-27T11:57:47.279Z",
    "duration": 23142,
    "testsRegistered": 1,
    "passPercent": 100,
    "pendingPercent": 0,
    "other": 0,
    "hasOther": false,
    "skipped": 0,
    "hasSkipped": false
  },
  "results": [
    {
      "uuid": "0b63ea02-ff14-41a1-bae1-b9f0eae52595",
      "title": "",
      "fullFile": "cypress\\e2e\\sepetkontrol.cy.js",
      "file": "cypress\\e2e\\sepetkontrol.cy.js",
      "beforeHooks": [],
      "afterHooks": [],
      "tests": [],
      "suites": [
        {
          "uuid": "255218c5-511e-4d65-b041-7729f677f895",
          "title": "PTT Sepet Kontrol",
          "fullFile": "",
          "file": "",
          "beforeHooks": [],
          "afterHooks": [],
          "tests": [
            {
              "title": "Alışveriş akışı",
              "fullTitle": "PTT Sepet Kontrol Alışveriş akışı",
              "timedOut": null,
              "duration": 20748,
              "state": "passed",
              "speed": "slow",
              "pass": true,
              "fail": false,
              "pending": false,
              "context": null,
              "code": "cy.visit('https://www.pttavm.com/');\nhomePage.login('salih.demirbas.test@outlook.com', 'Salih.test123');\nhomePage.searchProduct('telefon');\nlistPage.checkSearchUrl();\nlistPage.selectFourthProduct();\nproductDetailPage.saveProductName();\nproductDetailPage.saveProductPrice();\nproductDetailPage.addToCart();\nproductDetailPage.checkCartBadgeVisible();\nproductDetailPage.checkModalVisible();\nproductDetailPage.goToCart();\ncheckoutPage.checkCartUrl();\ncheckoutPage.checkProductDetails();\ncheckoutPage.removeProductFromCart();",
              "err": {},
              "uuid": "64dec2a1-c16d-4691-9252-135e0358ac5e",
              "parentUUID": "255218c5-511e-4d65-b041-7729f677f895",
              "isHook": false,
              "skipped": false
            }
          ],
          "suites": [],
          "passes": [
            "64dec2a1-c16d-4691-9252-135e0358ac5e"
          ],
          "failures": [],
          "pending": [],
          "skipped": [],
          "duration": 20748,
          "root": false,
          "rootEmpty": false,
          "_timeout": 2000
        }
      ],
      "passes": [],
      "failures": [],
      "pending": [],
      "skipped": [],
      "duration": 0,
      "root": true,
      "rootEmpty": true,
      "_timeout": 2000
    }
  ],
  "meta": {
    "mocha": {
      "version": "7.2.0"
    },
    "mochawesome": {
      "options": {
        "quiet": false,
        "reportFilename": "mochawesome",
        "saveHtml": false,
        "saveJson": true,
        "consoleReporter": "spec",
        "useInlineDiffs": false,
        "code": true
      },
      "version": "7.1.3"
    },
    "marge": {
      "options": {
        "reportDir": "cypress/reports/mochawesome",
        "overwrite": false,
        "html": false,
        "json": true
      },
      "version": "6.2.0"
    }
  }
}