{
  "stats": {
    "suites": 1,
    "tests": 4,
    "passes": 4,
    "pending": 0,
    "failures": 0,
    "start": "2025-06-27T11:57:20.147Z",
    "end": "2025-06-27T11:57:22.634Z",
    "duration": 2487,
    "testsRegistered": 4,
    "passPercent": 100,
    "pendingPercent": 0,
    "other": 0,
    "hasOther": false,
    "skipped": 0,
    "hasSkipped": false
  },
  "results": [
    {
      "uuid": "ecd1f3ac-e502-49c8-af5a-ff2708fb14d1",
      "title": "",
      "fullFile": "cypress\\e2e\\petstore-api-test-with-cypress-axios.cy.js",
      "file": "cypress\\e2e\\petstore-api-test-with-cypress-axios.cy.js",
      "beforeHooks": [],
      "afterHooks": [],
      "tests": [],
      "suites": [
        {
          "uuid": "e18d728a-7df8-4314-a26a-c82bd198d9e2",
          "title": "PetStore Simple API Test",
          "fullFile": "",
          "file": "",
          "beforeHooks": [],
          "afterHooks": [],
          "tests": [
            {
              "title": "should get pets by status=available successfully",
              "fullTitle": "PetStore Simple API Test should get pets by status=available successfully",
              "timedOut": null,
              "duration": 1817,
              "state": "passed",
              "speed": "fast",
              "pass": true,
              "fail": false,
              "pending": false,
              "context": null,
              "code": "try {\n  const response = await axios.get(`${baseUrl}/pet/findByStatus?status=available`);\n  // Status code kontrolü\n  expect(response.status).to.equal(200);\n  // Response data kontrolü\n  expect(response.data).to.be.an('array');\n  expect(response.data.length).to.be.greaterThan(0);\n  // İlk pet'in yapısını kontrol et\n  const firstPet = response.data[0];\n  expect(firstPet).to.have.property('id');\n  expect(firstPet).to.have.property('name');\n  expect(firstPet).to.have.property('tags');\n  expect(firstPet).to.have.property('status');\n  expect(firstPet.status).to.equal('available');\n  expect(firstPet.category.id).to.equal(0);\n  cy.log('Pet status=available API testi başarılı');\n  cy.log(`Bulunan pet sayısı: ${response.data.length}`);\n} catch (error) {\n  cy.log('Pet status=available API testi başarısız:', error.message);\n  throw error;\n}",
              "err": {},
              "uuid": "00300a3e-4441-44b6-9c20-6e5d3788914e",
              "parentUUID": "e18d728a-7df8-4314-a26a-c82bd198d9e2",
              "isHook": false,
              "skipped": false
            },
            {
              "title": "should get pets by status=pending successfully",
              "fullTitle": "PetStore Simple API Test should get pets by status=pending successfully",
              "timedOut": null,
              "duration": 169,
              "state": "passed",
              "speed": "fast",
              "pass": true,
              "fail": false,
              "pending": false,
              "context": null,
              "code": "try {\n  const response = await axios.get(`${baseUrl}/pet/findByStatus?status=pending`);\n  // Status code kontrolü\n  expect(response.status).to.equal(200);\n  // Response data kontrolü\n  expect(response.data).to.be.an('array');\n  // İlk pet'in yapısını kontrol et (eğer varsa)\n  if (response.data.length > 0) {\n    const firstPet = response.data[0];\n    expect(firstPet).to.have.property('id');\n    expect(firstPet).to.have.property('name');\n    expect(firstPet).to.have.property('status');\n    expect(firstPet.status).to.equal('pending');\n  }\n  cy.log('Pet status=pending API testi başarılı');\n  cy.log(`Bulunan pet sayısı: ${response.data.length}`);\n} catch (error) {\n  cy.log('Pet status=pending API testi başarısız:', error.message);\n  throw error;\n}",
              "err": {},
              "uuid": "5e336d28-360f-448b-af1b-2bb7e8cc150d",
              "parentUUID": "e18d728a-7df8-4314-a26a-c82bd198d9e2",
              "isHook": false,
              "skipped": false
            },
            {
              "title": "should get pets by status=sold successfully",
              "fullTitle": "PetStore Simple API Test should get pets by status=sold successfully",
              "timedOut": null,
              "duration": 165,
              "state": "passed",
              "speed": "fast",
              "pass": true,
              "fail": false,
              "pending": false,
              "context": null,
              "code": "try {\n  const response = await axios.get(`${baseUrl}/pet/findByStatus?status=sold`);\n  // Status code kontrolü\n  expect(response.status).to.equal(200);\n  // Response data kontrolü\n  expect(response.data).to.be.an('array');\n  // İlk pet'in yapısını kontrol et \n  if (response.data.length > 0) {\n    const firstPet = response.data[0];\n    expect(firstPet).to.have.property('id');\n    expect(firstPet).to.have.property('name');\n    expect(firstPet).to.have.property('status');\n    expect(firstPet.status).to.equal('sold');\n  }\n  cy.log('Pet status=sold API testi başarılı');\n  cy.log(`Bulunan pet sayısı: ${response.data.length}`);\n} catch (error) {\n  cy.log('Pet status=sold API testi başarısız:', error.message);\n  throw error;\n}",
              "err": {},
              "uuid": "21a35907-7097-4b14-b4e0-477f5d9c4a33",
              "parentUUID": "e18d728a-7df8-4314-a26a-c82bd198d9e2",
              "isHook": false,
              "skipped": false
            },
            {
              "title": "should add a new pet successfully via POST",
              "fullTitle": "PetStore Simple API Test should add a new pet successfully via POST",
              "timedOut": null,
              "duration": 304,
              "state": "passed",
              "speed": "fast",
              "pass": true,
              "fail": false,
              "pending": false,
              "context": null,
              "code": "const newPet = {\n  id: 16,\n  category: {\n    id: 1,\n    name: 'Dogs'\n  },\n  name: 'Gofret',\n  photoUrls: ['https://www.pttavm.com/'],\n  tags: [{\n    id: 1,\n    name: 'test'\n  }],\n  status: 'available'\n};\ntry {\n  const response = await axios.post(`${baseUrl}/pet`, newPet, {\n    headers: {\n      'Content-Type': 'application/json'\n    }\n  });\n  // Status code kontrolü\n  expect(response.status).to.equal(200);\n  // Response data kontrolü\n  expect(response.data).to.be.an('object');\n  expect(response.data.id).to.equal(newPet.id);\n  expect(response.data.name).to.equal(newPet.name);\n  expect(response.data.status).to.equal(newPet.status);\n  expect(response.data.category.name).to.equal(newPet.category.name);\n  expect(response.data.photoUrls).to.deep.equal(newPet.photoUrls);\n  expect(response.data.tags).to.deep.equal(newPet.tags);\n  cy.log('Pet POST ile başarıyla eklendi');\n  cy.log(`Eklenen pet ID: ${response.data.id}`);\n} catch (error) {\n  cy.log('Pet POST testi başarısız:', error.message);\n  throw error;\n}",
              "err": {},
              "uuid": "913bea28-f9bc-473e-9f7b-1345668e75d7",
              "parentUUID": "e18d728a-7df8-4314-a26a-c82bd198d9e2",
              "isHook": false,
              "skipped": false
            }
          ],
          "suites": [],
          "passes": [
            "00300a3e-4441-44b6-9c20-6e5d3788914e",
            "5e336d28-360f-448b-af1b-2bb7e8cc150d",
            "21a35907-7097-4b14-b4e0-477f5d9c4a33",
            "913bea28-f9bc-473e-9f7b-1345668e75d7"
          ],
          "failures": [],
          "pending": [],
          "skipped": [],
          "duration": 2455,
          "root": false,
          "rootEmpty": false,
          "_timeout": 2000
        }
      ],
      "passes": [],
      "failures": [],
      "pending": [],
      "skipped": [],
      "duration": 0,
      "root": true,
      "rootEmpty": true,
      "_timeout": 2000
    }
  ],
  "meta": {
    "mocha": {
      "version": "7.2.0"
    },
    "mochawesome": {
      "options": {
        "quiet": false,
        "reportFilename": "mochawesome",
        "saveHtml": false,
        "saveJson": true,
        "consoleReporter": "spec",
        "useInlineDiffs": false,
        "code": true
      },
      "version": "7.1.3"
    },
    "marge": {
      "options": {
        "reportDir": "cypress/reports/mochawesome",
        "overwrite": false,
        "html": false,
        "json": true
      },
      "version": "6.2.0"
    }
  }
}