{
  "stats": {
    "suites": 1,
    "tests": 1,
    "passes": 1,
    "pending": 0,
    "failures": 0,
    "start": "2025-06-27T11:56:50.270Z",
    "end": "2025-06-27T11:57:17.731Z",
    "duration": 27461,
    "testsRegistered": 1,
    "passPercent": 100,
    "pendingPercent": 0,
    "other": 0,
    "hasOther": false,
    "skipped": 0,
    "hasSkipped": false
  },
  "results": [
    {
      "uuid": "c8f4c6eb-28f7-4fe8-b33b-2fb8d8a98460",
      "title": "",
      "fullFile": "cypress\\e2e\\favorikontrol.cy.js",
      "file": "cypress\\e2e\\favorikontrol.cy.js",
      "beforeHooks": [],
      "afterHooks": [],
      "tests": [],
      "suites": [
        {
          "uuid": "a7c18e7c-8123-4f91-b541-8f71c6954f89",
          "title": "PTT Urun Favori Kontrol",
          "fullFile": "",
          "file": "",
          "beforeHooks": [],
          "afterHooks": [],
          "tests": [
            {
              "title": "Favori Ekleme ve Silme",
              "fullTitle": "PTT Urun Favori Kontrol Favori Ekleme ve Silme",
              "timedOut": null,
              "duration": 24875,
              "state": "passed",
              "speed": "slow",
              "pass": true,
              "fail": false,
              "pending": false,
              "context": null,
              "code": "cy.visit('https://www.pttavm.com/');\nhomePage.login('salih.demirbas.test@outlook.com', 'Salih.test123');\nhomePage.searchProduct('telefon');\nlistPage.checkSearchUrl();\nlistPage.selectFourthProduct();\nproductDetailPage.saveFavoriteProductName();\nproductDetailPage.checkFavoriteButtonVisible();\nproductDetailPage.clickFavoriteButton();\nproductDetailPage.checkFavoriteAdded();\ncy.visit('https://www.pttavm.com/my/listelerim');\nfavoritePage.checkFavoriteInListPage();\nfavoritePage.removeFavoriteProduct();\nfavoritePage.checkFavoriteListEmpty();",
              "err": {},
              "uuid": "6c3951d7-71a2-411a-b2a8-a22601b5b0be",
              "parentUUID": "a7c18e7c-8123-4f91-b541-8f71c6954f89",
              "isHook": false,
              "skipped": false
            }
          ],
          "suites": [],
          "passes": [
            "6c3951d7-71a2-411a-b2a8-a22601b5b0be"
          ],
          "failures": [],
          "pending": [],
          "skipped": [],
          "duration": 24875,
          "root": false,
          "rootEmpty": false,
          "_timeout": 2000
        }
      ],
      "passes": [],
      "failures": [],
      "pending": [],
      "skipped": [],
      "duration": 0,
      "root": true,
      "rootEmpty": true,
      "_timeout": 2000
    }
  ],
  "meta": {
    "mocha": {
      "version": "7.2.0"
    },
    "mochawesome": {
      "options": {
        "quiet": false,
        "reportFilename": "mochawesome",
        "saveHtml": false,
        "saveJson": true,
        "consoleReporter": "spec",
        "useInlineDiffs": false,
        "code": true
      },
      "version": "7.1.3"
    },
    "marge": {
      "options": {
        "reportDir": "cypress/reports/mochawesome",
        "overwrite": false,
        "html": false,
        "json": true
      },
      "version": "6.2.0"
    }
  }
}