{
  "stats": {
    "suites": 1,
    "tests": 4,
    "passes": 4,
    "pending": 0,
    "failures": 0,
    "start": "2025-06-27T11:44:30.805Z",
    "end": "2025-06-27T11:44:33.945Z",
    "duration": 3140,
    "testsRegistered": 4,
    "passPercent": 100,
    "pendingPercent": 0,
    "other": 0,
    "hasOther": false,
    "skipped": 0,
    "hasSkipped": false
  },
  "results": [
    {
      "uuid": "0a6d44a8-e35d-4be4-9b42-3617d19c5648",
      "title": "",
      "fullFile": "cypress\\e2e\\petstore-api-test-with-cypress-axios.cy.js",
      "file": "cypress\\e2e\\petstore-api-test-with-cypress-axios.cy.js",
      "beforeHooks": [],
      "afterHooks": [],
      "tests": [],
      "suites": [
        {
          "uuid": "6a299ec4-0ee1-456d-ab0b-e783d7cdf6d9",
          "title": "PetStore Simple API Test",
          "fullFile": "",
          "file": "",
          "beforeHooks": [],
          "afterHooks": [],
          "tests": [
            {
              "title": "should get pets by status=available successfully",
              "fullTitle": "PetStore Simple API Test should get pets by status=available successfully",
              "timedOut": null,
              "duration": 2473,
              "state": "passed",
              "speed": "fast",
              "pass": true,
              "fail": false,
              "pending": false,
              "context": null,
              "code": "try {\n  const response = await axios.get(`${baseUrl}/pet/findByStatus?status=available`);\n  // Status code kontrolü\n  expect(response.status).to.equal(200);\n  // Response data kontrolü\n  expect(response.data).to.be.an('array');\n  expect(response.data.length).to.be.greaterThan(0);\n  // İlk pet'in yapısını kontrol et\n  const firstPet = response.data[0];\n  expect(firstPet).to.have.property('id');\n  expect(firstPet).to.have.property('name');\n  expect(firstPet).to.have.property('tags');\n  expect(firstPet).to.have.property('status');\n  expect(firstPet.status).to.equal('available');\n  expect(firstPet.category.id).to.equal(0);\n  cy.log('Pet status=available API testi başarılı');\n  cy.log(`Bulunan pet sayısı: ${response.data.length}`);\n} catch (error) {\n  cy.log('Pet status=available API testi başarısız:', error.message);\n  throw error;\n}",
              "err": {},
              "uuid": "08d844cb-e4ab-4ab7-9909-2b61d27783db",
              "parentUUID": "6a299ec4-0ee1-456d-ab0b-e783d7cdf6d9",
              "isHook": false,
              "skipped": false
            },
            {
              "title": "should get pets by status=pending successfully",
              "fullTitle": "PetStore Simple API Test should get pets by status=pending successfully",
              "timedOut": null,
              "duration": 161,
              "state": "passed",
              "speed": "fast",
              "pass": true,
              "fail": false,
              "pending": false,
              "context": null,
              "code": "try {\n  const response = await axios.get(`${baseUrl}/pet/findByStatus?status=pending`);\n  // Status code kontrolü\n  expect(response.status).to.equal(200);\n  // Response data kontrolü\n  expect(response.data).to.be.an('array');\n  // İlk pet'in yapısını kontrol et (eğer varsa)\n  if (response.data.length > 0) {\n    const firstPet = response.data[0];\n    expect(firstPet).to.have.property('id');\n    expect(firstPet).to.have.property('name');\n    expect(firstPet).to.have.property('status');\n    expect(firstPet.status).to.equal('pending');\n  }\n  cy.log('Pet status=pending API testi başarılı');\n  cy.log(`Bulunan pet sayısı: ${response.data.length}`);\n} catch (error) {\n  cy.log('Pet status=pending API testi başarısız:', error.message);\n  throw error;\n}",
              "err": {},
              "uuid": "1934da5b-9559-4a9f-9fc8-c20ca4f4bf6a",
              "parentUUID": "6a299ec4-0ee1-456d-ab0b-e783d7cdf6d9",
              "isHook": false,
              "skipped": false
            },
            {
              "title": "should get pets by status=sold successfully",
              "fullTitle": "PetStore Simple API Test should get pets by status=sold successfully",
              "timedOut": null,
              "duration": 157,
              "state": "passed",
              "speed": "fast",
              "pass": true,
              "fail": false,
              "pending": false,
              "context": null,
              "code": "try {\n  const response = await axios.get(`${baseUrl}/pet/findByStatus?status=sold`);\n  // Status code kontrolü\n  expect(response.status).to.equal(200);\n  // Response data kontrolü\n  expect(response.data).to.be.an('array');\n  // İlk pet'in yapısını kontrol et \n  if (response.data.length > 0) {\n    const firstPet = response.data[0];\n    expect(firstPet).to.have.property('id');\n    expect(firstPet).to.have.property('name');\n    expect(firstPet).to.have.property('status');\n    expect(firstPet.status).to.equal('sold');\n  }\n  cy.log('Pet status=sold API testi başarılı');\n  cy.log(`Bulunan pet sayısı: ${response.data.length}`);\n} catch (error) {\n  cy.log('Pet status=sold API testi başarısız:', error.message);\n  throw error;\n}",
              "err": {},
              "uuid": "edb9e750-b769-4b40-b75b-4af83f659b63",
              "parentUUID": "6a299ec4-0ee1-456d-ab0b-e783d7cdf6d9",
              "isHook": false,
              "skipped": false
            },
            {
              "title": "should add a new pet successfully via POST",
              "fullTitle": "PetStore Simple API Test should add a new pet successfully via POST",
              "timedOut": null,
              "duration": 313,
              "state": "passed",
              "speed": "fast",
              "pass": true,
              "fail": false,
              "pending": false,
              "context": null,
              "code": "const newPet = {\n  id: 16,\n  category: {\n    id: 1,\n    name: 'Dogs'\n  },\n  name: 'Gofret',\n  photoUrls: ['https://www.pttavm.com/'],\n  tags: [{\n    id: 1,\n    name: 'test'\n  }],\n  status: 'available'\n};\ntry {\n  const response = await axios.post(`${baseUrl}/pet`, newPet, {\n    headers: {\n      'Content-Type': 'application/json'\n    }\n  });\n  // Status code kontrolü\n  expect(response.status).to.equal(200);\n  // Response data kontrolü\n  expect(response.data).to.be.an('object');\n  expect(response.data.id).to.equal(newPet.id);\n  expect(response.data.name).to.equal(newPet.name);\n  expect(response.data.status).to.equal(newPet.status);\n  expect(response.data.category.name).to.equal(newPet.category.name);\n  expect(response.data.photoUrls).to.deep.equal(newPet.photoUrls);\n  expect(response.data.tags).to.deep.equal(newPet.tags);\n  cy.log('Pet POST ile başarıyla eklendi');\n  cy.log(`Eklenen pet ID: ${response.data.id}`);\n} catch (error) {\n  cy.log('Pet POST testi başarısız:', error.message);\n  throw error;\n}",
              "err": {},
              "uuid": "3becf321-8ff6-4663-a9b7-c243bd5eb8f6",
              "parentUUID": "6a299ec4-0ee1-456d-ab0b-e783d7cdf6d9",
              "isHook": false,
              "skipped": false
            }
          ],
          "suites": [],
          "passes": [
            "08d844cb-e4ab-4ab7-9909-2b61d27783db",
            "1934da5b-9559-4a9f-9fc8-c20ca4f4bf6a",
            "edb9e750-b769-4b40-b75b-4af83f659b63",
            "3becf321-8ff6-4663-a9b7-c243bd5eb8f6"
          ],
          "failures": [],
          "pending": [],
          "skipped": [],
          "duration": 3104,
          "root": false,
          "rootEmpty": false,
          "_timeout": 2000
        }
      ],
      "passes": [],
      "failures": [],
      "pending": [],
      "skipped": [],
      "duration": 0,
      "root": true,
      "rootEmpty": true,
      "_timeout": 2000
    }
  ],
  "meta": {
    "mocha": {
      "version": "7.2.0"
    },
    "mochawesome": {
      "options": {
        "quiet": false,
        "reportFilename": "mochawesome",
        "saveHtml": false,
        "saveJson": true,
        "consoleReporter": "spec",
        "useInlineDiffs": false,
        "code": true
      },
      "version": "7.1.3"
    },
    "marge": {
      "options": {
        "reportDir": "cypress/reports/mochawesome",
        "overwrite": false,
        "html": false,
        "json": true
      },
      "version": "6.2.0"
    }
  }
}