{
  "stats": {
    "suites": 1,
    "tests": 1,
    "passes": 0,
    "pending": 0,
    "failures": 1,
    "start": "2025-06-27T11:43:32.037Z",
    "end": "2025-06-27T11:44:29.019Z",
    "duration": 56982,
    "testsRegistered": 1,
    "passPercent": 0,
    "pendingPercent": 0,
    "other": 0,
    "hasOther": false,
    "skipped": 0,
    "hasSkipped": false
  },
  "results": [
    {
      "uuid": "2aec5c8c-8772-463e-a906-724b2c9ce6d7",
      "title": "",
      "fullFile": "cypress\\e2e\\favorikontrol.cy.js",
      "file": "cypress\\e2e\\favorikontrol.cy.js",
      "beforeHooks": [],
      "afterHooks": [],
      "tests": [],
      "suites": [
        {
          "uuid": "c96b7934-7def-4e47-bf45-b6b50938ea23",
          "title": "PTT Urun Favori Kontrol",
          "fullFile": "",
          "file": "",
          "beforeHooks": [],
          "afterHooks": [],
          "tests": [
            {
              "title": "Favori Ekleme ve Silme",
              "fullTitle": "PTT Urun Favori Kontrol Favori Ekleme ve Silme",
              "timedOut": null,
              "duration": 55300,
              "state": "failed",
              "speed": null,
              "pass": false,
              "fail": true,
              "pending": false,
              "context": null,
              "code": "cy.visit('https://www.pttavm.com/');\nhomePage.login('salih.demirbas.test@outlook.com', 'Salih.test123');\nhomePage.searchProduct('telefon');\nlistPage.checkSearchUrl();\nlistPage.selectFourthProduct();\nproductDetailPage.saveFavoriteProductName();\nproductDetailPage.checkFavoriteButtonVisible();\nproductDetailPage.clickFavoriteButton();\nproductDetailPage.checkFavoriteAdded();\ncy.visit('https://www.pttavm.com/my/listelerim');\nfavoritePage.checkFavoriteInListPage();\nfavoritePage.removeFavoriteProduct();\nfavoritePage.checkFavoriteListEmpty();",
              "err": {
                "message": "AssertionError: Timed out retrying after 20000ms: Expected to find element: `.evoicon-fav-full`, but never found it.",
                "estack": "AssertionError: Timed out retrying after 20000ms: Expected to find element: `.evoicon-fav-full`, but never found it.\n    at ProductDetailPage.checkFavoriteAdded (webpack://ptt_test/./cypress/support/pageObjects/ProductDetailPage.js:54:52)\n    at Context.eval (webpack://ptt_test/./cypress/e2e/favorikontrol.cy.js:23:22)",
                "diff": null
              },
              "uuid": "b7fe0a71-3b3e-40bb-a7fa-cc44162ba2f1",
              "parentUUID": "c96b7934-7def-4e47-bf45-b6b50938ea23",
              "isHook": false,
              "skipped": false
            }
          ],
          "suites": [],
          "passes": [],
          "failures": [
            "b7fe0a71-3b3e-40bb-a7fa-cc44162ba2f1"
          ],
          "pending": [],
          "skipped": [],
          "duration": 55300,
          "root": false,
          "rootEmpty": false,
          "_timeout": 2000
        }
      ],
      "passes": [],
      "failures": [],
      "pending": [],
      "skipped": [],
      "duration": 0,
      "root": true,
      "rootEmpty": true,
      "_timeout": 2000
    }
  ],
  "meta": {
    "mocha": {
      "version": "7.2.0"
    },
    "mochawesome": {
      "options": {
        "quiet": false,
        "reportFilename": "mochawesome",
        "saveHtml": false,
        "saveJson": true,
        "consoleReporter": "spec",
        "useInlineDiffs": false,
        "code": true
      },
      "version": "7.1.3"
    },
    "marge": {
      "options": {
        "reportDir": "cypress/reports/mochawesome",
        "overwrite": false,
        "html": false,
        "json": true
      },
      "version": "6.2.0"
    }
  }
}