{
  "stats": {
    "suites": 1,
    "tests": 1,
    "passes": 1,
    "pending": 0,
    "failures": 0,
    "start": "2025-06-27T11:50:54.371Z",
    "end": "2025-06-27T11:51:24.399Z",
    "duration": 30028,
    "testsRegistered": 1,
    "passPercent": 100,
    "pendingPercent": 0,
    "other": 0,
    "hasOther": false,
    "skipped": 0,
    "hasSkipped": false
  },
  "results": [
    {
      "uuid": "e5dfb00a-3172-43e1-af46-c4b2f8ec21c6",
      "title": "",
      "fullFile": "cypress\\e2e\\favorikontrol.cy.js",
      "file": "cypress\\e2e\\favorikontrol.cy.js",
      "beforeHooks": [],
      "afterHooks": [],
      "tests": [],
      "suites": [
        {
          "uuid": "8e096c8b-e473-4cd7-a7c9-3bd9bf6af0a1",
          "title": "PTT Urun Favori Kontrol",
          "fullFile": "",
          "file": "",
          "beforeHooks": [],
          "afterHooks": [],
          "tests": [
            {
              "title": "Favori Ekleme ve Silme",
              "fullTitle": "PTT Urun Favori Kontrol Favori Ekleme ve Silme",
              "timedOut": null,
              "duration": 28364,
              "state": "passed",
              "speed": "slow",
              "pass": true,
              "fail": false,
              "pending": false,
              "context": null,
              "code": "cy.visit('https://www.pttavm.com/');\nhomePage.login('salih.demirbas.test@outlook.com', 'Salih.test123');\nhomePage.searchProduct('telefon');\nlistPage.checkSearchUrl();\nlistPage.selectFourthProduct();\nproductDetailPage.saveFavoriteProductName();\nproductDetailPage.checkFavoriteButtonVisible();\nproductDetailPage.clickFavoriteButton();\nproductDetailPage.checkFavoriteAdded();\ncy.visit('https://www.pttavm.com/my/listelerim');\nfavoritePage.checkFavoriteInListPage();\nfavoritePage.removeFavoriteProduct();\nfavoritePage.checkFavoriteListEmpty();",
              "err": {},
              "uuid": "ed434c24-b3b3-4fc9-b730-2d3ee08b2ed5",
              "parentUUID": "8e096c8b-e473-4cd7-a7c9-3bd9bf6af0a1",
              "isHook": false,
              "skipped": false
            }
          ],
          "suites": [],
          "passes": [
            "ed434c24-b3b3-4fc9-b730-2d3ee08b2ed5"
          ],
          "failures": [],
          "pending": [],
          "skipped": [],
          "duration": 28364,
          "root": false,
          "rootEmpty": false,
          "_timeout": 2000
        }
      ],
      "passes": [],
      "failures": [],
      "pending": [],
      "skipped": [],
      "duration": 0,
      "root": true,
      "rootEmpty": true,
      "_timeout": 2000
    }
  ],
  "meta": {
    "mocha": {
      "version": "7.2.0"
    },
    "mochawesome": {
      "options": {
        "quiet": false,
        "reportFilename": "mochawesome",
        "saveHtml": false,
        "saveJson": true,
        "consoleReporter": "spec",
        "useInlineDiffs": false,
        "code": true
      },
      "version": "7.1.3"
    },
    "marge": {
      "options": {
        "reportDir": "cypress/reports/mochawesome",
        "overwrite": false,
        "html": false,
        "json": true
      },
      "version": "6.2.0"
    }
  }
}